c:\chime\amazon-chime-sdk-cpp\chime-sdk-signaling-cpp\signallingclientpoc\x64\release\vc142.pdb
c:\chime\amazon-chime-sdk-cpp\chime-sdk-signaling-cpp\signallingclientpoc\x64\release\signallingclientpoc.obj
c:\chime\amazon-chime-sdk-cpp\chime-sdk-signaling-cpp\signallingclientpoc\x64\release\write_to_file_yuv_video_sink.obj
c:\chime\amazon-chime-sdk-cpp\chime-sdk-signaling-cpp\signallingclientpoc\x64\release\fake_video_source.obj
c:\chime\amazon-chime-sdk-cpp\chime-sdk-signaling-cpp\signallingclientpoc\x64\release\video_events_observer.obj
c:\chime\amazon-chime-sdk-cpp\chime-sdk-signaling-cpp\signallingclientpoc\x64\release\session_description_observer_adapter.obj
c:\chime\amazon-chime-sdk-cpp\chime-sdk-signaling-cpp\signallingclientpoc\x64\release\session_description_observer.obj
c:\chime\amazon-chime-sdk-cpp\chime-sdk-signaling-cpp\signallingclientpoc\x64\release\presence_events_observer.obj
c:\chime\amazon-chime-sdk-cpp\chime-sdk-signaling-cpp\signallingclientpoc\x64\release\peer_connection_observer.obj
c:\chime\amazon-chime-sdk-cpp\chime-sdk-signaling-cpp\signallingclientpoc\x64\release\lifecycle_observer.obj
c:\chime\amazon-chime-sdk-cpp\chime-sdk-signaling-cpp\signallingclientpoc\x64\release\audio_events_observer.obj
c:\chime\amazon-chime-sdk-cpp\chime-sdk-signaling-cpp\signallingclientpoc\x64\release\meeting_controller.obj
c:\chime\amazon-chime-sdk-cpp\chime-sdk-signaling-cpp\signallingclientpoc\x64\release\keypress_controller.obj
c:\chime\amazon-chime-sdk-cpp\chime-sdk-signaling-cpp\signallingclientpoc\x64\release\file_audio_device_factory.obj
c:\chime\amazon-chime-sdk-cpp\chime-sdk-signaling-cpp\build\x64\release\signallingclientpoc.exe
c:\chime\amazon-chime-sdk-cpp\chime-sdk-signaling-cpp\signallingclientpoc\x64\release\signallingclientpoc.ipdb
c:\chime\amazon-chime-sdk-cpp\chime-sdk-signaling-cpp\signallingclientpoc\x64\release\signallingclientpoc.iobj
c:\chime\amazon-chime-sdk-cpp\chime-sdk-signaling-cpp\build\x64\release\signallingclientpoc.pdb
c:\chime\amazon-chime-sdk-cpp\chime-sdk-signaling-cpp\signallingclientpoc\x64\release\signalli.0e1e329b.tlog\cl.command.1.tlog
c:\chime\amazon-chime-sdk-cpp\chime-sdk-signaling-cpp\signallingclientpoc\x64\release\signalli.0e1e329b.tlog\cl.read.1.tlog
c:\chime\amazon-chime-sdk-cpp\chime-sdk-signaling-cpp\signallingclientpoc\x64\release\signalli.0e1e329b.tlog\cl.write.1.tlog
c:\chime\amazon-chime-sdk-cpp\chime-sdk-signaling-cpp\signallingclientpoc\x64\release\signalli.0e1e329b.tlog\link.command.1.tlog
c:\chime\amazon-chime-sdk-cpp\chime-sdk-signaling-cpp\signallingclientpoc\x64\release\signalli.0e1e329b.tlog\link.read.1.tlog
c:\chime\amazon-chime-sdk-cpp\chime-sdk-signaling-cpp\signallingclientpoc\x64\release\signalli.0e1e329b.tlog\link.write.1.tlog
